# JRE version: OpenJDK Runtime Environment JBR-17.0.8.1+7-1059.3-nomod (17.0.8.1+7) (build 17.0.8.1+7-b1059.3)
# Java VM: OpenJDK 64-Bit Server VM JBR-17.0.8.1+7-1059.3-nomod (17.0.8.1+7-b1059.3, mixed mode, tiered, compressed oops, compressed class ptrs, g1 gc, windows-amd64)
GC Precious Log:
 CPUs: 8 total, 8 available
 Memory: 12133M
 Large Page Support: Disabled
 NUMA Support: Disabled
 Compressed Oops: Enabled (Zero based)
 Heap Region Size: 2M
 Heap Min Capacity: 8M
 Heap Initial Capacity: 190M
 Heap Max Capacity: 3034M
 Pre-touch: Disabled
 Parallel Workers: 8
 Concurrent Workers: 2
 Concurrent Refinement Workers: 8
 Periodic GC: Disabled
Heap:
 garbage-first heap   total 221184K, used 83173K [0x0000000742600000, 0x0000000800000000)
  region size 2048K, 5 young (10240K), 1 survivors (2048K)
 Metaspace       used 37170K, committed 37504K, reserved 1114112K
  class space    used 4808K, committed 4928K, reserved 1048576K
GC Heap History (18 events):
Event: 0.954 GC heap before
{Heap before GC invocations=0 (full 0):
 garbage-first heap   total 194560K, used 20480K [0x0000000742600000, 0x0000000800000000)
  region size 2048K, 11 young (22528K), 0 survivors (0K)
 Metaspace       used 12023K, committed 12224K, reserved 1114112K
  class space    used 1237K, committed 1344K, reserved 1048576K
}
Event: 0.957 GC heap after
{Heap after GC invocations=1 (full 0):
 garbage-first heap   total 194560K, used 3179K [0x0000000742600000, 0x0000000800000000)
  region size 2048K, 2 young (4096K), 2 survivors (4096K)
 Metaspace       used 12023K, committed 12224K, reserved 1114112K
  class space    used 1237K, committed 1344K, reserved 1048576K
}
Event: 3.085 GC heap before
{Heap before GC invocations=1 (full 0):
 garbage-first heap   total 194560K, used 29803K [0x0000000742600000, 0x0000000800000000)
  region size 2048K, 17 young (34816K), 2 survivors (4096K)
 Metaspace       used 21308K, committed 21504K, reserved 1114112K
  class space    used 2340K, committed 2432K, reserved 1048576K
}
Event: 3.091 GC heap after
{Heap after GC invocations=2 (full 0):
 garbage-first heap   total 194560K, used 9013K [0x0000000742600000, 0x0000000800000000)
  region size 2048K, 3 young (6144K), 3 survivors (6144K)
 Metaspace       used 21308K, committed 21504K, reserved 1114112K
  class space    used 2340K, committed 2432K, reserved 1048576K
}
Event: 3.802 GC heap before
{Heap before GC invocations=3 (full 0):
 garbage-first heap   total 40960K, used 27445K [0x0000000742600000, 0x0000000800000000)
  region size 2048K, 12 young (24576K), 3 survivors (6144K)
 Metaspace       used 27614K, committed 27904K, reserved 1114112K
  class space    used 3202K, committed 3328K, reserved 1048576K
}
Event: 3.808 GC heap after
{Heap after GC invocations=4 (full 0):
 garbage-first heap   total 40960K, used 13056K [0x0000000742600000, 0x0000000800000000)
  region size 2048K, 2 young (4096K), 2 survivors (4096K)
 Metaspace       used 27614K, committed 27904K, reserved 1114112K
  class space    used 3202K, committed 3328K, reserved 1048576K
}
Event: 3.830 GC heap before
{Heap before GC invocations=4 (full 0):
 garbage-first heap   total 40960K, used 15104K [0x0000000742600000, 0x0000000800000000)
  region size 2048K, 3 young (6144K), 2 survivors (4096K)
 Metaspace       used 28185K, committed 28480K, reserved 1114112K
  class space    used 3321K, committed 3456K, reserved 1048576K
}
Event: 3.833 GC heap after
{Heap after GC invocations=5 (full 0):
 garbage-first heap   total 40960K, used 13524K [0x0000000742600000, 0x0000000800000000)
  region size 2048K, 1 young (2048K), 1 survivors (2048K)
 Metaspace       used 28185K, committed 28480K, reserved 1114112K
  class space    used 3321K, committed 3456K, reserved 1048576K
}
Event: 4.862 GC heap before
{Heap before GC invocations=5 (full 0):
 garbage-first heap   total 40960K, used 25812K [0x0000000742600000, 0x0000000800000000)
  region size 2048K, 7 young (14336K), 1 survivors (2048K)
 Metaspace       used 32929K, committed 33280K, reserved 1114112K
  class space    used 3958K, committed 4096K, reserved 1048576K
}
Event: 4.864 GC heap after
{Heap after GC invocations=6 (full 0):
 garbage-first heap   total 40960K, used 14725K [0x0000000742600000, 0x0000000800000000)
  region size 2048K, 1 young (2048K), 1 survivors (2048K)
 Metaspace       used 32929K, committed 33280K, reserved 1114112K
  class space    used 3958K, committed 4096K, reserved 1048576K
}
Event: 4.987 GC heap before
{Heap before GC invocations=6 (full 0):
 garbage-first heap   total 40960K, used 14725K [0x0000000742600000, 0x0000000800000000)
  region size 2048K, 2 young (4096K), 1 survivors (2048K)
 Metaspace       used 32971K, committed 33280K, reserved 1114112K
  class space    used 3962K, committed 4096K, reserved 1048576K
}
Event: 4.989 GC heap after
{Heap after GC invocations=7 (full 0):
 garbage-first heap   total 40960K, used 14933K [0x0000000742600000, 0x0000000800000000)
  region size 2048K, 1 young (2048K), 1 survivors (2048K)
 Metaspace       used 32971K, committed 33280K, reserved 1114112K
  class space    used 3962K, committed 4096K, reserved 1048576K
}
Event: 5.324 GC heap before
{Heap before GC invocations=7 (full 0):
 garbage-first heap   total 90112K, used 82517K [0x0000000742600000, 0x0000000800000000)
  region size 2048K, 5 young (10240K), 1 survivors (2048K)
 Metaspace       used 34973K, committed 35328K, reserved 1114112K
  class space    used 4448K, committed 4608K, reserved 1048576K
}
Event: 5.325 GC heap after
{Heap after GC invocations=8 (full 0):
 garbage-first heap   total 90112K, used 76644K [0x0000000742600000, 0x0000000800000000)
  region size 2048K, 1 young (2048K), 1 survivors (2048K)
 Metaspace       used 34973K, committed 35328K, reserved 1114112K
  class space    used 4448K, committed 4608K, reserved 1048576K
}
Event: 5.443 GC heap before
{Heap before GC invocations=8 (full 0):
 garbage-first heap   total 90112K, used 78692K [0x0000000742600000, 0x0000000800000000)
  region size 2048K, 2 young (4096K), 1 survivors (2048K)
 Metaspace       used 35423K, committed 35712K, reserved 1114112K
  class space    used 4585K, committed 4736K, reserved 1048576K
}
Event: 5.444 GC heap after
{Heap after GC invocations=9 (full 0):
 garbage-first heap   total 90112K, used 76881K [0x0000000742600000, 0x0000000800000000)
  region size 2048K, 1 young (2048K), 1 survivors (2048K)
 Metaspace       used 35423K, committed 35712K, reserved 1114112K
  class space    used 4585K, committed 4736K, reserved 1048576K
}
Event: 5.496 GC heap before
{Heap before GC invocations=10 (full 0):
 garbage-first heap   total 137216K, used 78929K [0x0000000742600000, 0x0000000800000000)
  region size 2048K, 2 young (4096K), 1 survivors (2048K)
 Metaspace       used 35978K, committed 36288K, reserved 1114112K
  class space    used 4674K, committed 4800K, reserved 1048576K
}
Event: 5.521 GC heap after
{Heap after GC invocations=11 (full 0):
 garbage-first heap   total 221184K, used 77029K [0x0000000742600000, 0x0000000800000000)
  region size 2048K, 1 young (2048K), 1 survivors (2048K)
 Metaspace       used 35978K, committed 36288K, reserved 1114112K
  class space    used 4674K, committed 4800K, reserved 1048576K
}

