# JRE version: OpenJDK Runtime Environment JBR-17.0.8.1+7-1059.3-nomod (17.0.8.1+7) (build 17.0.8.1+7-b1059.3)
# Java VM: OpenJDK 64-Bit Server VM JBR-17.0.8.1+7-1059.3-nomod (17.0.8.1+7-b1059.3, mixed mode, tiered, compressed oops, compressed class ptrs, g1 gc, windows-amd64)
GC Precious Log:
 CPUs: 8 total, 8 available
 Memory: 7993M
 Large Page Support: Disabled
 NUMA Support: Disabled
 Compressed Oops: Enabled (32-bit)
 Heap Region Size: 1M
 Heap Min Capacity: 8M
 Heap Initial Capacity: 126M
 Heap Max Capacity: 2000M
 Pre-touch: Disabled
 Parallel Workers: 8
 Concurrent Workers: 2
 Concurrent Refinement Workers: 8
 Periodic GC: Disabled
Heap:
 garbage-first heap   total 132096K, used 81965K [0x0000000083000000, 0x0000000100000000)
  region size 1024K, 7 young (7168K), 1 survivors (1024K)
 Metaspace       used 36755K, committed 37120K, reserved 1114112K
  class space    used 4414K, committed 4608K, reserved 1048576K
GC Heap History (20 events):
Event: 1.873 GC heap before
{Heap before GC invocations=3 (full 0):
 garbage-first heap   total 30720K, used 21232K [0x0000000083000000, 0x0000000100000000)
  region size 1024K, 19 young (19456K), 4 survivors (4096K)
 Metaspace       used 26701K, committed 27008K, reserved 1114112K
  class space    used 3092K, committed 3264K, reserved 1048576K
}
Event: 1.877 GC heap after
{Heap after GC invocations=4 (full 0):
 garbage-first heap   total 30720K, used 9845K [0x0000000083000000, 0x0000000100000000)
  region size 1024K, 3 young (3072K), 3 survivors (3072K)
 Metaspace       used 26701K, committed 27008K, reserved 1114112K
  class space    used 3092K, committed 3264K, reserved 1048576K
}
Event: 1.905 GC heap before
{Heap before GC invocations=4 (full 0):
 garbage-first heap   total 30720K, used 10869K [0x0000000083000000, 0x0000000100000000)
  region size 1024K, 4 young (4096K), 3 survivors (3072K)
 Metaspace       used 27441K, committed 27712K, reserved 1114112K
  class space    used 3174K, committed 3328K, reserved 1048576K
}
Event: 1.907 GC heap after
{Heap after GC invocations=5 (full 0):
 garbage-first heap   total 30720K, used 10506K [0x0000000083000000, 0x0000000100000000)
  region size 1024K, 1 young (1024K), 1 survivors (1024K)
 Metaspace       used 27441K, committed 27712K, reserved 1114112K
  class space    used 3174K, committed 3328K, reserved 1048576K
}
Event: 2.915 GC heap before
{Heap before GC invocations=5 (full 0):
 garbage-first heap   total 30720K, used 20746K [0x0000000083000000, 0x0000000100000000)
  region size 1024K, 11 young (11264K), 1 survivors (1024K)
 Metaspace       used 31734K, committed 32064K, reserved 1114112K
  class space    used 3744K, committed 3904K, reserved 1048576K
}
Event: 2.917 GC heap after
{Heap after GC invocations=6 (full 0):
 garbage-first heap   total 30720K, used 11659K [0x0000000083000000, 0x0000000100000000)
  region size 1024K, 2 young (2048K), 2 survivors (2048K)
 Metaspace       used 31734K, committed 32064K, reserved 1114112K
  class space    used 3744K, committed 3904K, reserved 1048576K
}
Event: 3.076 GC heap before
{Heap before GC invocations=6 (full 0):
 garbage-first heap   total 30720K, used 15755K [0x0000000083000000, 0x0000000100000000)
  region size 1024K, 7 young (7168K), 2 survivors (2048K)
 Metaspace       used 32759K, committed 33088K, reserved 1114112K
  class space    used 3922K, committed 4096K, reserved 1048576K
}
Event: 3.078 GC heap after
{Heap after GC invocations=7 (full 0):
 garbage-first heap   total 30720K, used 11965K [0x0000000083000000, 0x0000000100000000)
  region size 1024K, 1 young (1024K), 1 survivors (1024K)
 Metaspace       used 32759K, committed 33088K, reserved 1114112K
  class space    used 3922K, committed 4096K, reserved 1048576K
}
Event: 3.591 GC heap before
{Heap before GC invocations=7 (full 0):
 garbage-first heap   total 92160K, used 82621K [0x0000000083000000, 0x0000000100000000)
  region size 1024K, 10 young (10240K), 1 survivors (1024K)
 Metaspace       used 34809K, committed 35200K, reserved 1114112K
  class space    used 4294K, committed 4480K, reserved 1048576K
}
Event: 3.593 GC heap after
{Heap after GC invocations=8 (full 0):
 garbage-first heap   total 119808K, used 73985K [0x0000000083000000, 0x0000000100000000)
  region size 1024K, 1 young (1024K), 1 survivors (1024K)
 Metaspace       used 34809K, committed 35200K, reserved 1114112K
  class space    used 4294K, committed 4480K, reserved 1048576K
}
Event: 3.616 GC heap before
{Heap before GC invocations=8 (full 0):
 garbage-first heap   total 119808K, used 75009K [0x0000000083000000, 0x0000000100000000)
  region size 1024K, 3 young (3072K), 1 survivors (1024K)
 Metaspace       used 35169K, committed 35520K, reserved 1114112K
  class space    used 4332K, committed 4480K, reserved 1048576K
}
Event: 3.618 GC heap after
{Heap after GC invocations=9 (full 0):
 garbage-first heap   total 119808K, used 74452K [0x0000000083000000, 0x0000000100000000)
  region size 1024K, 2 young (2048K), 2 survivors (2048K)
 Metaspace       used 35169K, committed 35520K, reserved 1114112K
  class space    used 4332K, committed 4480K, reserved 1048576K
}
Event: 16.638 GC heap before
{Heap before GC invocations=10 (full 0):
 garbage-first heap   total 132096K, used 98004K [0x0000000083000000, 0x0000000100000000)
  region size 1024K, 24 young (24576K), 2 survivors (2048K)
 Metaspace       used 36276K, committed 36608K, reserved 1114112K
  class space    used 4365K, committed 4544K, reserved 1048576K
}
Event: 16.645 GC heap after
{Heap after GC invocations=11 (full 0):
 garbage-first heap   total 132096K, used 77031K [0x0000000083000000, 0x0000000100000000)
  region size 1024K, 2 young (2048K), 2 survivors (2048K)
 Metaspace       used 36276K, committed 36608K, reserved 1114112K
  class space    used 4365K, committed 4544K, reserved 1048576K
}
Event: 19.697 GC heap before
{Heap before GC invocations=11 (full 0):
 garbage-first heap   total 132096K, used 81127K [0x0000000083000000, 0x0000000100000000)
  region size 1024K, 6 young (6144K), 2 survivors (2048K)
 Metaspace       used 36280K, committed 36608K, reserved 1114112K
  class space    used 4365K, committed 4544K, reserved 1048576K
}
Event: 19.706 GC heap after
{Heap after GC invocations=12 (full 0):
 garbage-first heap   total 132096K, used 76953K [0x0000000083000000, 0x0000000100000000)
  region size 1024K, 1 young (1024K), 1 survivors (1024K)
 Metaspace       used 36280K, committed 36608K, reserved 1114112K
  class space    used 4365K, committed 4544K, reserved 1048576K
}
Event: 42.279 GC heap before
{Heap before GC invocations=12 (full 0):
 garbage-first heap   total 132096K, used 107673K [0x0000000083000000, 0x0000000100000000)
  region size 1024K, 31 young (31744K), 1 survivors (1024K)
 Metaspace       used 36716K, committed 37056K, reserved 1114112K
  class space    used 4411K, committed 4608K, reserved 1048576K
}
Event: 42.284 GC heap after
{Heap after GC invocations=13 (full 0):
 garbage-first heap   total 132096K, used 76831K [0x0000000083000000, 0x0000000100000000)
  region size 1024K, 1 young (1024K), 1 survivors (1024K)
 Metaspace       used 36716K, committed 37056K, reserved 1114112K
  class space    used 4411K, committed 4608K, reserved 1048576K
}
Event: 80.064 GC heap before
{Heap before GC invocations=14 (full 0):
 garbage-first heap   total 132096K, used 112671K [0x0000000083000000, 0x0000000100000000)
  region size 1024K, 36 young (36864K), 1 survivors (1024K)
 Metaspace       used 36752K, committed 37120K, reserved 1114112K
  class space    used 4414K, committed 4608K, reserved 1048576K
}
Event: 80.067 GC heap after
{Heap after GC invocations=15 (full 0):
 garbage-first heap   total 132096K, used 76847K [0x0000000083000000, 0x0000000100000000)
  region size 1024K, 1 young (1024K), 1 survivors (1024K)
 Metaspace       used 36752K, committed 37120K, reserved 1114112K
  class space    used 4414K, committed 4608K, reserved 1048576K
}

