# JRE version: OpenJDK Runtime Environment JBR-17.0.8.1+7-1059.3-nomod (17.0.8.1+7) (build 17.0.8.1+7-b1059.3)
# Java VM: OpenJDK 64-Bit Server VM JBR-17.0.8.1+7-1059.3-nomod (17.0.8.1+7-b1059.3, mixed mode, tiered, compressed oops, compressed class ptrs, g1 gc, windows-amd64)
GC Precious Log:
 CPUs: 8 total, 8 available
 Memory: 12133M
 Large Page Support: Disabled
 NUMA Support: Disabled
 Compressed Oops: Enabled (Zero based)
 Heap Region Size: 2M
 Heap Min Capacity: 8M
 Heap Initial Capacity: 190M
 Heap Max Capacity: 3034M
 Pre-touch: Disabled
 Parallel Workers: 8
 Concurrent Workers: 2
 Concurrent Refinement Workers: 8
 Periodic GC: Disabled
Heap:
 garbage-first heap   total 133120K, used 77005K [0x0000000742600000, 0x0000000800000000)
  region size 2048K, 1 young (2048K), 1 survivors (2048K)
 Metaspace       used 36897K, committed 37248K, reserved 1114112K
  class space    used 4779K, committed 4928K, reserved 1048576K
GC Heap History (15 events):
Event: 0.945 GC heap before
{Heap before GC invocations=0 (full 0):
 garbage-first heap   total 194560K, used 20480K [0x0000000742600000, 0x0000000800000000)
  region size 2048K, 11 young (22528K), 0 survivors (0K)
 Metaspace       used 12024K, committed 12224K, reserved 1114112K
  class space    used 1236K, committed 1344K, reserved 1048576K
}
Event: 0.947 GC heap after
{Heap after GC invocations=1 (full 0):
 garbage-first heap   total 194560K, used 3045K [0x0000000742600000, 0x0000000800000000)
  region size 2048K, 2 young (4096K), 2 survivors (4096K)
 Metaspace       used 12024K, committed 12224K, reserved 1114112K
  class space    used 1236K, committed 1344K, reserved 1048576K
}
Event: 2.215 GC heap before
{Heap before GC invocations=1 (full 0):
 garbage-first heap   total 194560K, used 29669K [0x0000000742600000, 0x0000000800000000)
  region size 2048K, 17 young (34816K), 2 survivors (4096K)
 Metaspace       used 21321K, committed 21504K, reserved 1114112K
  class space    used 2341K, committed 2432K, reserved 1048576K
}
Event: 2.220 GC heap after
{Heap after GC invocations=2 (full 0):
 garbage-first heap   total 194560K, used 8914K [0x0000000742600000, 0x0000000800000000)
  region size 2048K, 3 young (6144K), 3 survivors (6144K)
 Metaspace       used 21321K, committed 21504K, reserved 1114112K
  class space    used 2341K, committed 2432K, reserved 1048576K
}
Event: 2.671 GC heap before
{Heap before GC invocations=3 (full 0):
 garbage-first heap   total 40960K, used 27346K [0x0000000742600000, 0x0000000800000000)
  region size 2048K, 12 young (24576K), 3 survivors (6144K)
 Metaspace       used 27590K, committed 27904K, reserved 1114112K
  class space    used 3198K, committed 3328K, reserved 1048576K
}
Event: 2.676 GC heap after
{Heap after GC invocations=4 (full 0):
 garbage-first heap   total 40960K, used 12517K [0x0000000742600000, 0x0000000800000000)
  region size 2048K, 2 young (4096K), 2 survivors (4096K)
 Metaspace       used 27590K, committed 27904K, reserved 1114112K
  class space    used 3198K, committed 3328K, reserved 1048576K
}
Event: 2.695 GC heap before
{Heap before GC invocations=4 (full 0):
 garbage-first heap   total 40960K, used 14565K [0x0000000742600000, 0x0000000800000000)
  region size 2048K, 3 young (6144K), 2 survivors (4096K)
 Metaspace       used 28373K, committed 28672K, reserved 1114112K
  class space    used 3334K, committed 3520K, reserved 1048576K
}
Event: 2.698 GC heap after
{Heap after GC invocations=5 (full 0):
 garbage-first heap   total 40960K, used 12916K [0x0000000742600000, 0x0000000800000000)
  region size 2048K, 1 young (2048K), 1 survivors (2048K)
 Metaspace       used 28373K, committed 28672K, reserved 1114112K
  class space    used 3334K, committed 3520K, reserved 1048576K
}
Event: 3.592 GC heap before
{Heap before GC invocations=5 (full 0):
 garbage-first heap   total 40960K, used 23156K [0x0000000742600000, 0x0000000800000000)
  region size 2048K, 8 young (16384K), 1 survivors (2048K)
 Metaspace       used 32969K, committed 33216K, reserved 1114112K
  class space    used 3960K, committed 4096K, reserved 1048576K
}
Event: 3.595 GC heap after
{Heap after GC invocations=6 (full 0):
 garbage-first heap   total 40960K, used 14206K [0x0000000742600000, 0x0000000800000000)
  region size 2048K, 1 young (2048K), 1 survivors (2048K)
 Metaspace       used 32969K, committed 33216K, reserved 1114112K
  class space    used 3960K, committed 4096K, reserved 1048576K
}
Event: 4.015 GC heap before
{Heap before GC invocations=6 (full 0):
 garbage-first heap   total 94208K, used 83838K [0x0000000742600000, 0x0000000800000000)
  region size 2048K, 7 young (14336K), 1 survivors (2048K)
 Metaspace       used 35692K, committed 35968K, reserved 1114112K
  class space    used 4621K, committed 4736K, reserved 1048576K
}
Event: 4.017 GC heap after
{Heap after GC invocations=7 (full 0):
 garbage-first heap   total 94208K, used 76448K [0x0000000742600000, 0x0000000800000000)
  region size 2048K, 1 young (2048K), 1 survivors (2048K)
 Metaspace       used 35692K, committed 35968K, reserved 1114112K
  class space    used 4621K, committed 4736K, reserved 1048576K
}
Event: 4.131 GC heap before
{Heap before GC invocations=8 (full 0):
 garbage-first heap   total 133120K, used 76448K [0x0000000742600000, 0x0000000800000000)
  region size 2048K, 2 young (4096K), 1 survivors (2048K)
 Metaspace       used 36224K, committed 36608K, reserved 1114112K
  class space    used 4700K, committed 4864K, reserved 1048576K
}
Event: 4.133 GC heap after
{Heap after GC invocations=9 (full 0):
 garbage-first heap   total 133120K, used 76474K [0x0000000742600000, 0x0000000800000000)
  region size 2048K, 1 young (2048K), 1 survivors (2048K)
 Metaspace       used 36224K, committed 36608K, reserved 1114112K
  class space    used 4700K, committed 4864K, reserved 1048576K
}
Event: 4.197 GC heap before
{Heap before GC invocations=9 (full 0):
 garbage-first heap   total 133120K, used 78522K [0x0000000742600000, 0x0000000800000000)
  region size 2048K, 3 young (6144K), 1 survivors (2048K)
 Metaspace       used 36897K, committed 37248K, reserved 1114112K
  class space    used 4779K, committed 4928K, reserved 1048576K
}

